0 info it worked if it ends with ok
1 verbose cli [ '/Users/cauealmeida/.nvm/versions/node/v6.11.0/bin/node',
1 verbose cli   '/Users/cauealmeida/.nvm/versions/node/v6.11.0/bin/npm',
1 verbose cli   'start' ]
2 info using npm@3.10.10
3 info using node@v6.11.0
4 verbose run-script [ 'prestart', 'start', 'poststart' ]
5 info lifecycle startbootstrap-new-age@4.0.0-beta~prestart: startbootstrap-new-age@4.0.0-beta
6 silly lifecycle startbootstrap-new-age@4.0.0-beta~prestart: no script for prestart, continuing
7 info lifecycle startbootstrap-new-age@4.0.0-beta~start: startbootstrap-new-age@4.0.0-beta
8 verbose lifecycle startbootstrap-new-age@4.0.0-beta~start: unsafe-perm in lifecycle true
9 verbose lifecycle startbootstrap-new-age@4.0.0-beta~start: PATH: /Users/cauealmeida/.nvm/versions/node/v6.11.0/lib/node_modules/npm/bin/node-gyp-bin:/Users/cauealmeida/Jobs/aquarius-manager-site/node_modules/.bin:/Users/cauealmeida/.nvm/versions/node/v6.11.0/bin:/usr/local/bin:/usr/bin:/bin:/usr/sbin:/sbin:/usr/local/share/dotnet:/Library/Frameworks/Mono.framework/Versions/Current/Commands:/Users/cauealmeida/android-sdk-macosx/tools:/Users/cauealmeida/android-sdk-macosx/platform-tools
10 verbose lifecycle startbootstrap-new-age@4.0.0-beta~start: CWD: /Users/cauealmeida/Jobs/aquarius-manager-site
11 silly lifecycle startbootstrap-new-age@4.0.0-beta~start: Args: [ '-c', 'node js/server.js' ]
12 silly lifecycle startbootstrap-new-age@4.0.0-beta~start: Returned: code: 1  signal: null
13 info lifecycle startbootstrap-new-age@4.0.0-beta~start: Failed to exec start script
14 verbose stack Error: startbootstrap-new-age@4.0.0-beta start: `node js/server.js`
14 verbose stack Exit status 1
14 verbose stack     at EventEmitter.<anonymous> (/Users/cauealmeida/.nvm/versions/node/v6.11.0/lib/node_modules/npm/lib/utils/lifecycle.js:255:16)
14 verbose stack     at emitTwo (events.js:106:13)
14 verbose stack     at EventEmitter.emit (events.js:191:7)
14 verbose stack     at ChildProcess.<anonymous> (/Users/cauealmeida/.nvm/versions/node/v6.11.0/lib/node_modules/npm/lib/utils/spawn.js:40:14)
14 verbose stack     at emitTwo (events.js:106:13)
14 verbose stack     at ChildProcess.emit (events.js:191:7)
14 verbose stack     at maybeClose (internal/child_process.js:891:16)
14 verbose stack     at Process.ChildProcess._handle.onexit (internal/child_process.js:226:5)
15 verbose pkgid startbootstrap-new-age@4.0.0-beta
16 verbose cwd /Users/cauealmeida/Jobs/aquarius-manager-site
17 error Darwin 15.5.0
18 error argv "/Users/cauealmeida/.nvm/versions/node/v6.11.0/bin/node" "/Users/cauealmeida/.nvm/versions/node/v6.11.0/bin/npm" "start"
19 error node v6.11.0
20 error npm  v3.10.10
21 error code ELIFECYCLE
22 error startbootstrap-new-age@4.0.0-beta start: `node js/server.js`
22 error Exit status 1
23 error Failed at the startbootstrap-new-age@4.0.0-beta start script 'node js/server.js'.
23 error Make sure you have the latest version of node.js and npm installed.
23 error If you do, this is most likely a problem with the startbootstrap-new-age package,
23 error not with npm itself.
23 error Tell the author that this fails on your system:
23 error     node js/server.js
23 error You can get information on how to open an issue for this project with:
23 error     npm bugs startbootstrap-new-age
23 error Or if that isn't available, you can get their info via:
23 error     npm owner ls startbootstrap-new-age
23 error There is likely additional logging output above.
24 verbose exit [ 1, true ]
